FitPilotNative/app/build/intermediates/manifest_merge_blame_file/release/manifest-merger-blame-release-report.txt
1<?xml version="1.0" encoding="utf-8"?>
2<manifest xmlns:android="http://schemas.android.com/apk/res/android"
3    package="com.gitutk.fitpilot"
4    android:versionCode="1"
5    android:versionName="0.0.1" >
6
7    <uses-sdk
8        android:minSdkVersion="23"
8-->src/main/AndroidManifest.xml
9        android:targetSdkVersion="30" />
9-->src/main/AndroidManifest.xml
10
11    <uses-permission android:name="android.permission.CAMERA" />
11-->src/main/AndroidManifest.xml:5:5-65
11-->src/main/AndroidManifest.xml:5:22-62
12    <uses-permission android:name="android.permission.INTERNET" />
12-->src/main/AndroidManifest.xml:6:5-67
12-->src/main/AndroidManifest.xml:6:22-64
13    <uses-permission android:name="android.permission.ACTIVITY_RECOGNITION" />
13-->src/main/AndroidManifest.xml:7:5-79
13-->src/main/AndroidManifest.xml:7:22-76
14
15    <uses-feature
15-->src/main/AndroidManifest.xml:9:5-11:35
16        android:name="android.hardware.camera"
16-->src/main/AndroidManifest.xml:10:9-47
17        android:required="true" />
17-->src/main/AndroidManifest.xml:11:9-32
18
19    <application
19-->src/main/AndroidManifest.xml:13:5-31:19
20        android:allowBackup="true"
20-->src/main/AndroidManifest.xml:14:9-35
21        android:appComponentFactory="androidx.core.app.CoreComponentFactory"
21-->[androidx.core:core:1.5.0] AndroidManifest.xml:24:18-86
22        android:extractNativeLibs="false"
23        android:hardwareAccelerated="true"
23-->src/main/AndroidManifest.xml:20:9-43
24        android:icon="@drawable/logo"
24-->src/main/AndroidManifest.xml:15:9-38
25        android:label="@string/app_name"
25-->src/main/AndroidManifest.xml:16:9-41
26        android:roundIcon="@drawable/logo"
26-->src/main/AndroidManifest.xml:17:9-43
27        android:supportsRtl="true"
27-->src/main/AndroidManifest.xml:18:9-35
28        android:theme="@style/Theme.FitPilot" >
28-->src/main/AndroidManifest.xml:19:9-46
29        <activity
29-->src/main/AndroidManifest.xml:22:9-30:20
30            android:name="com.gitutk.fitpilot.MainActivity"
30-->src/main/AndroidManifest.xml:23:13-41
31            android:exported="true"
31-->src/main/AndroidManifest.xml:24:13-36
32            android:windowSoftInputMode="adjustResize" >
32-->src/main/AndroidManifest.xml:25:13-55
33            <intent-filter>
33-->src/main/AndroidManifest.xml:26:13-29:29
34                <action android:name="android.intent.action.MAIN" />
34-->src/main/AndroidManifest.xml:27:17-69
34-->src/main/AndroidManifest.xml:27:25-66
35
36                <category android:name="android.intent.category.LAUNCHER" />
36-->src/main/AndroidManifest.xml:28:17-77
36-->src/main/AndroidManifest.xml:28:27-74
37            </intent-filter>
38        </activity>
39
40        <service
40-->[androidx.camera:camera-camera2:1.3.4] AndroidManifest.xml:24:9-33:19
41            android:name="androidx.camera.core.impl.MetadataHolderService"
41-->[androidx.camera:camera-camera2:1.3.4] AndroidManifest.xml:25:13-75
42            android:enabled="false"
42-->[androidx.camera:camera-camera2:1.3.4] AndroidManifest.xml:26:13-36
43            android:exported="false" >
43-->[androidx.camera:camera-camera2:1.3.4] AndroidManifest.xml:27:13-37
44            <meta-data
44-->[androidx.camera:camera-camera2:1.3.4] AndroidManifest.xml:30:13-32:89
45                android:name="androidx.camera.core.impl.MetadataHolderService.DEFAULT_CONFIG_PROVIDER"
45-->[androidx.camera:camera-camera2:1.3.4] AndroidManifest.xml:31:17-103
46                android:value="androidx.camera.camera2.Camera2Config$DefaultProvider" />
46-->[androidx.camera:camera-camera2:1.3.4] AndroidManifest.xml:32:17-86
47        </service>
48    </application>
49
50</manifest>